android/..build/app/intermediates/manifest_merge_blame_file/debug/manifest-merger-blame-debug-report.txt
1<?xml version="1.0" encoding="utf-8"?>
2<manifest xmlns:android="http://schemas.android.com/apk/res/android"
3    package="com.example.app_login"
4    android:versionCode="1"
5    android:versionName="1.0.0" >
6
7    <uses-sdk
8        android:minSdkVersion="23"
9        android:targetSdkVersion="34" />
10    <!--
11         The INTERNET permission is required for development. Specifically,
12         the Flutter tool needs it to communicate with the running application
13         to allow setting breakpoints, to provide hot reload, etc.
14    -->
15    <uses-permission android:name="android.permission.INTERNET" />
15-->src\debug\AndroidManifest.xml:6:5-66
15-->src\debug\AndroidManifest.xml:6:22-64
16    <!--
17     Required to query activities that can process text, see:
18         https://developer.android.com/training/package-visibility and
19         https://developer.android.com/reference/android/content/Intent#ACTION_PROCESS_TEXT.
20
21         In particular, this is used by the Flutter engine in io.flutter.plugin.text.ProcessTextPlugin.
22    -->
23    <queries>
23-->src\main\AndroidManifest.xml:39:5-44:15
24        <intent>
24-->src\main\AndroidManifest.xml:40:9-43:18
25            <action android:name="android.intent.action.PROCESS_TEXT" />
25-->src\main\AndroidManifest.xml:41:13-72
25-->src\main\AndroidManifest.xml:41:21-70
26
27            <data android:mimeType="text/plain" />
27-->src\main\AndroidManifest.xml:42:13-50
27-->src\main\AndroidManifest.xml:42:19-48
28        </intent>
29    </queries>
30
31    <uses-permission android:name="android.permission.WAKE_LOCK" />
31-->[:firebase_messaging] AndroidManifest.xml:10:5-68
31-->[:firebase_messaging] AndroidManifest.xml:10:22-65
32    <uses-permission android:name="android.permission.ACCESS_NETWORK_STATE" /> <!-- Permissions options for the `notification` group -->
32-->[:firebase_messaging] AndroidManifest.xml:11:5-79
32-->[:firebase_messaging] AndroidManifest.xml:11:22-76
33    <uses-permission android:name="android.permission.POST_NOTIFICATIONS" />
33-->[:firebase_messaging] AndroidManifest.xml:13:5-77
33-->[:firebase_messaging] AndroidManifest.xml:13:22-74
34    <uses-permission android:name="com.google.android.gms.permission.AD_ID" />
34-->[com.google.android.gms:play-services-measurement-api:22.0.1] AndroidManifest.xml:25:5-79
34-->[com.google.android.gms:play-services-measurement-api:22.0.1] AndroidManifest.xml:25:22-76
35    <uses-permission android:name="android.permission.ACCESS_ADSERVICES_ATTRIBUTION" />
35-->[com.google.android.gms:play-services-measurement-api:22.0.1] AndroidManifest.xml:26:5-88
35-->[com.google.android.gms:play-services-measurement-api:22.0.1] AndroidManifest.xml:26:22-85
36    <uses-permission android:name="android.permission.ACCESS_ADSERVICES_AD_ID" /> <!-- Required by older versions of Google Play services to create IID tokens -->
36-->[com.google.android.gms:play-services-measurement-api:22.0.1] AndroidManifest.xml:27:5-82
36-->[com.google.android.gms:play-services-measurement-api:22.0.1] AndroidManifest.xml:27:22-79
37    <uses-permission android:name="com.google.android.c2dm.permission.RECEIVE" />
37-->[com.google.firebase:firebase-messaging:24.0.0] AndroidManifest.xml:26:5-82
37-->[com.google.firebase:firebase-messaging:24.0.0] AndroidManifest.xml:26:22-79
38    <uses-permission android:name="com.google.android.providers.gsf.permission.READ_GSERVICES" />
38-->[com.google.android.recaptcha:recaptcha:18.4.0] AndroidManifest.xml:9:5-98
38-->[com.google.android.recaptcha:recaptcha:18.4.0] AndroidManifest.xml:9:22-95
39    <uses-permission android:name="com.google.android.finsky.permission.BIND_GET_INSTALL_REFERRER_SERVICE" />
39-->[com.google.android.gms:play-services-measurement:22.0.1] AndroidManifest.xml:26:5-110
39-->[com.google.android.gms:play-services-measurement:22.0.1] AndroidManifest.xml:26:22-107
40
41    <permission
41-->[androidx.core:core:1.9.0] AndroidManifest.xml:22:5-24:47
42        android:name="com.example.app_login.DYNAMIC_RECEIVER_NOT_EXPORTED_PERMISSION"
42-->[androidx.core:core:1.9.0] AndroidManifest.xml:23:9-81
43        android:protectionLevel="signature" />
43-->[androidx.core:core:1.9.0] AndroidManifest.xml:24:9-44
44
45    <uses-permission android:name="com.example.app_login.DYNAMIC_RECEIVER_NOT_EXPORTED_PERMISSION" />
45-->[androidx.core:core:1.9.0] AndroidManifest.xml:26:5-97
45-->[androidx.core:core:1.9.0] AndroidManifest.xml:26:22-94
46
47    <application
48        android:name="android.app.Application"
49        android:appComponentFactory="androidx.core.app.CoreComponentFactory"
49-->[androidx.core:core:1.9.0] AndroidManifest.xml:28:18-86
50        android:debuggable="true"
51        android:extractNativeLibs="false"
52        android:icon="@mipmap/ic_launcher"
53        android:label="app_login" >
54        <activity
55            android:name="com.example.app_login.MainActivity"
56            android:configChanges="orientation|keyboardHidden|keyboard|screenSize|smallestScreenSize|locale|layoutDirection|fontScale|screenLayout|density|uiMode"
57            android:exported="true"
58            android:hardwareAccelerated="true"
59            android:launchMode="singleTop"
60            android:taskAffinity=""
61            android:theme="@style/LaunchTheme"
62            android:windowSoftInputMode="adjustResize" >
63
64            <!--
65                 Specifies an Android theme to apply to this Activity as soon as
66                 the Android process has started. This theme is visible to the user
67                 while the Flutter UI initializes. After that, this theme continues
68                 to determine the Window background behind the Flutter UI.
69            -->
70            <meta-data
71                android:name="io.flutter.embedding.android.NormalTheme"
72                android:resource="@style/NormalTheme" />
73
74            <intent-filter>
75                <action android:name="android.intent.action.MAIN" />
76
77                <category android:name="android.intent.category.LAUNCHER" />
78            </intent-filter>
79        </activity>
80        <!--
81             Don't delete the meta-data below.
82             This is used by the Flutter tool to generate GeneratedPluginRegistrant.java
83        -->
84        <meta-data
85            android:name="flutterEmbedding"
86            android:value="2" />
87
88        <service
88-->[:cloud_firestore] AndroidManifest.xml:10:9-14:19
89            android:name="com.google.firebase.components.ComponentDiscoveryService"
89-->[:cloud_firestore] AndroidManifest.xml:10:18-89
90            android:directBootAware="true"
90-->[com.google.firebase:firebase-common:21.0.0] AndroidManifest.xml:32:13-43
91            android:exported="false" >
91-->[com.google.android.gms:play-services-measurement-api:22.0.1] AndroidManifest.xml:36:13-37
92            <meta-data
92-->[:cloud_firestore] AndroidManifest.xml:11:13-13:85
93                android:name="com.google.firebase.components:io.flutter.plugins.firebase.firestore.FlutterFirebaseFirestoreRegistrar"
93-->[:cloud_firestore] AndroidManifest.xml:12:17-134
94                android:value="com.google.firebase.components.ComponentRegistrar" />
94-->[:cloud_firestore] AndroidManifest.xml:13:17-82
95            <meta-data
95-->[:firebase_auth] AndroidManifest.xml:11:13-13:85
96                android:name="com.google.firebase.components:io.flutter.plugins.firebase.auth.FlutterFirebaseAuthRegistrar"
96-->[:firebase_auth] AndroidManifest.xml:12:17-124
97                android:value="com.google.firebase.components.ComponentRegistrar" />
97-->[:firebase_auth] AndroidManifest.xml:13:17-82
98            <meta-data
98-->[:firebase_messaging] AndroidManifest.xml:38:13-40:85
99                android:name="com.google.firebase.components:io.flutter.plugins.firebase.messaging.FlutterFirebaseAppRegistrar"
99-->[:firebase_messaging] AndroidManifest.xml:39:17-128
100                android:value="com.google.firebase.components.ComponentRegistrar" />
100-->[:firebase_messaging] AndroidManifest.xml:40:17-82
101            <meta-data
101-->[:firebase_core] AndroidManifest.xml:11:13-13:85
102                android:name="com.google.firebase.components:io.flutter.plugins.firebase.core.FlutterFirebaseCoreRegistrar"
102-->[:firebase_core] AndroidManifest.xml:12:17-124
103                android:value="com.google.firebase.components.ComponentRegistrar" />
103-->[:firebase_core] AndroidManifest.xml:13:17-82
104            <meta-data
104-->[com.google.android.gms:play-services-measurement-api:22.0.1] AndroidManifest.xml:37:13-39:85
105                android:name="com.google.firebase.components:com.google.firebase.analytics.connector.internal.AnalyticsConnectorRegistrar"
105-->[com.google.android.gms:play-services-measurement-api:22.0.1] AndroidManifest.xml:38:17-139
106                android:value="com.google.firebase.components.ComponentRegistrar" />
106-->[com.google.android.gms:play-services-measurement-api:22.0.1] AndroidManifest.xml:39:17-82
107            <meta-data
107-->[com.google.firebase:firebase-firestore:25.0.0] AndroidManifest.xml:17:13-19:85
108                android:name="com.google.firebase.components:com.google.firebase.firestore.FirebaseFirestoreKtxRegistrar"
108-->[com.google.firebase:firebase-firestore:25.0.0] AndroidManifest.xml:18:17-122
109                android:value="com.google.firebase.components.ComponentRegistrar" />
109-->[com.google.firebase:firebase-firestore:25.0.0] AndroidManifest.xml:19:17-82
110            <meta-data
110-->[com.google.firebase:firebase-firestore:25.0.0] AndroidManifest.xml:20:13-22:85
111                android:name="com.google.firebase.components:com.google.firebase.firestore.FirestoreRegistrar"
111-->[com.google.firebase:firebase-firestore:25.0.0] AndroidManifest.xml:21:17-111
112                android:value="com.google.firebase.components.ComponentRegistrar" />
112-->[com.google.firebase:firebase-firestore:25.0.0] AndroidManifest.xml:22:17-82
113            <meta-data
113-->[com.google.firebase:firebase-auth:23.0.0] AndroidManifest.xml:69:13-71:85
114                android:name="com.google.firebase.components:com.google.firebase.auth.FirebaseAuthRegistrar"
114-->[com.google.firebase:firebase-auth:23.0.0] AndroidManifest.xml:70:17-109
115                android:value="com.google.firebase.components.ComponentRegistrar" />
115-->[com.google.firebase:firebase-auth:23.0.0] AndroidManifest.xml:71:17-82
116            <meta-data
116-->[com.google.firebase:firebase-messaging:24.0.0] AndroidManifest.xml:57:13-59:85
117                android:name="com.google.firebase.components:com.google.firebase.messaging.FirebaseMessagingKtxRegistrar"
117-->[com.google.firebase:firebase-messaging:24.0.0] AndroidManifest.xml:58:17-122
118                android:value="com.google.firebase.components.ComponentRegistrar" />
118-->[com.google.firebase:firebase-messaging:24.0.0] AndroidManifest.xml:59:17-82
119            <meta-data
119-->[com.google.firebase:firebase-messaging:24.0.0] AndroidManifest.xml:60:13-62:85
120                android:name="com.google.firebase.components:com.google.firebase.messaging.FirebaseMessagingRegistrar"
120-->[com.google.firebase:firebase-messaging:24.0.0] AndroidManifest.xml:61:17-119
121                android:value="com.google.firebase.components.ComponentRegistrar" />
121-->[com.google.firebase:firebase-messaging:24.0.0] AndroidManifest.xml:62:17-82
122            <meta-data
122-->[com.google.firebase:firebase-installations:18.0.0] AndroidManifest.xml:15:13-17:85
123                android:name="com.google.firebase.components:com.google.firebase.installations.FirebaseInstallationsKtxRegistrar"
123-->[com.google.firebase:firebase-installations:18.0.0] AndroidManifest.xml:16:17-130
124                android:value="com.google.firebase.components.ComponentRegistrar" />
124-->[com.google.firebase:firebase-installations:18.0.0] AndroidManifest.xml:17:17-82
125            <meta-data
125-->[com.google.firebase:firebase-installations:18.0.0] AndroidManifest.xml:18:13-20:85
126                android:name="com.google.firebase.components:com.google.firebase.installations.FirebaseInstallationsRegistrar"
126-->[com.google.firebase:firebase-installations:18.0.0] AndroidManifest.xml:19:17-127
127                android:value="com.google.firebase.components.ComponentRegistrar" />
127-->[com.google.firebase:firebase-installations:18.0.0] AndroidManifest.xml:20:17-82
128            <meta-data
128-->[com.google.firebase:firebase-common-ktx:21.0.0] AndroidManifest.xml:12:13-14:85
129                android:name="com.google.firebase.components:com.google.firebase.ktx.FirebaseCommonLegacyRegistrar"
129-->[com.google.firebase:firebase-common-ktx:21.0.0] AndroidManifest.xml:13:17-116
130                android:value="com.google.firebase.components.ComponentRegistrar" />
130-->[com.google.firebase:firebase-common-ktx:21.0.0] AndroidManifest.xml:14:17-82
131            <meta-data
131-->[com.google.firebase:firebase-common:21.0.0] AndroidManifest.xml:35:13-37:85
132                android:name="com.google.firebase.components:com.google.firebase.FirebaseCommonKtxRegistrar"
132-->[com.google.firebase:firebase-common:21.0.0] AndroidManifest.xml:36:17-109
133                android:value="com.google.firebase.components.ComponentRegistrar" />
133-->[com.google.firebase:firebase-common:21.0.0] AndroidManifest.xml:37:17-82
134            <meta-data
134-->[com.google.firebase:firebase-datatransport:18.2.0] AndroidManifest.xml:25:13-27:85
135                android:name="com.google.firebase.components:com.google.firebase.datatransport.TransportRegistrar"
135-->[com.google.firebase:firebase-datatransport:18.2.0] AndroidManifest.xml:26:17-115
136                android:value="com.google.firebase.components.ComponentRegistrar" />
136-->[com.google.firebase:firebase-datatransport:18.2.0] AndroidManifest.xml:27:17-82
137        </service>
138        <service
138-->[:firebase_messaging] AndroidManifest.xml:16:9-19:72
139            android:name="io.flutter.plugins.firebase.messaging.FlutterFirebaseMessagingBackgroundService"
139-->[:firebase_messaging] AndroidManifest.xml:17:13-107
140            android:exported="false"
140-->[:firebase_messaging] AndroidManifest.xml:18:13-37
141            android:permission="android.permission.BIND_JOB_SERVICE" />
141-->[:firebase_messaging] AndroidManifest.xml:19:13-69
142        <service
142-->[:firebase_messaging] AndroidManifest.xml:20:9-26:19
143            android:name="io.flutter.plugins.firebase.messaging.FlutterFirebaseMessagingService"
143-->[:firebase_messaging] AndroidManifest.xml:21:13-97
144            android:exported="false" >
144-->[:firebase_messaging] AndroidManifest.xml:22:13-37
145            <intent-filter>
145-->[:firebase_messaging] AndroidManifest.xml:23:13-25:29
146                <action android:name="com.google.firebase.MESSAGING_EVENT" />
146-->[:firebase_messaging] AndroidManifest.xml:24:17-78
146-->[:firebase_messaging] AndroidManifest.xml:24:25-75
147            </intent-filter>
148        </service>
149
150        <receiver
150-->[:firebase_messaging] AndroidManifest.xml:28:9-35:20
151            android:name="io.flutter.plugins.firebase.messaging.FlutterFirebaseMessagingReceiver"
151-->[:firebase_messaging] AndroidManifest.xml:29:13-98
152            android:exported="true"
152-->[:firebase_messaging] AndroidManifest.xml:30:13-36
153            android:permission="com.google.android.c2dm.permission.SEND" >
153-->[:firebase_messaging] AndroidManifest.xml:31:13-73
154            <intent-filter>
154-->[:firebase_messaging] AndroidManifest.xml:32:13-34:29
155                <action android:name="com.google.android.c2dm.intent.RECEIVE" />
155-->[:firebase_messaging] AndroidManifest.xml:33:17-81
155-->[:firebase_messaging] AndroidManifest.xml:33:25-78
156            </intent-filter>
157        </receiver>
158
159        <provider
159-->[:firebase_messaging] AndroidManifest.xml:43:9-47:38
160            android:name="io.flutter.plugins.firebase.messaging.FlutterFirebaseMessagingInitProvider"
160-->[:firebase_messaging] AndroidManifest.xml:44:13-102
161            android:authorities="com.example.app_login.flutterfirebasemessaginginitprovider"
161-->[:firebase_messaging] AndroidManifest.xml:45:13-88
162            android:exported="false"
162-->[:firebase_messaging] AndroidManifest.xml:46:13-37
163            android:initOrder="99" />
163-->[:firebase_messaging] AndroidManifest.xml:47:13-35
164
165        <property
165-->[com.google.android.gms:play-services-measurement-api:22.0.1] AndroidManifest.xml:30:9-32:61
166            android:name="android.adservices.AD_SERVICES_CONFIG"
166-->[com.google.android.gms:play-services-measurement-api:22.0.1] AndroidManifest.xml:31:13-65
167            android:resource="@xml/ga_ad_services_config" />
167-->[com.google.android.gms:play-services-measurement-api:22.0.1] AndroidManifest.xml:32:13-58
168
169        <activity
169-->[com.google.firebase:firebase-auth:23.0.0] AndroidManifest.xml:29:9-46:20
170            android:name="com.google.firebase.auth.internal.GenericIdpActivity"
170-->[com.google.firebase:firebase-auth:23.0.0] AndroidManifest.xml:30:13-80
171            android:excludeFromRecents="true"
171-->[com.google.firebase:firebase-auth:23.0.0] AndroidManifest.xml:31:13-46
172            android:exported="true"
172-->[com.google.firebase:firebase-auth:23.0.0] AndroidManifest.xml:32:13-36
173            android:launchMode="singleTask"
173-->[com.google.firebase:firebase-auth:23.0.0] AndroidManifest.xml:33:13-44
174            android:theme="@android:style/Theme.Translucent.NoTitleBar" >
174-->[com.google.firebase:firebase-auth:23.0.0] AndroidManifest.xml:34:13-72
175            <intent-filter>
175-->[com.google.firebase:firebase-auth:23.0.0] AndroidManifest.xml:35:13-45:29
176                <action android:name="android.intent.action.VIEW" />
176-->[com.google.firebase:firebase-auth:23.0.0] AndroidManifest.xml:36:17-69
176-->[com.google.firebase:firebase-auth:23.0.0] AndroidManifest.xml:36:25-66
177
178                <category android:name="android.intent.category.DEFAULT" />
178-->[com.google.firebase:firebase-auth:23.0.0] AndroidManifest.xml:38:17-76
178-->[com.google.firebase:firebase-auth:23.0.0] AndroidManifest.xml:38:27-73
179                <category android:name="android.intent.category.BROWSABLE" />
179-->[com.google.firebase:firebase-auth:23.0.0] AndroidManifest.xml:39:17-78
179-->[com.google.firebase:firebase-auth:23.0.0] AndroidManifest.xml:39:27-75
180
181                <data
181-->src\main\AndroidManifest.xml:42:13-50
182                    android:host="firebase.auth"
183                    android:path="/"
184                    android:scheme="genericidp" />
185            </intent-filter>
186        </activity>
187        <activity
187-->[com.google.firebase:firebase-auth:23.0.0] AndroidManifest.xml:47:9-64:20
188            android:name="com.google.firebase.auth.internal.RecaptchaActivity"
188-->[com.google.firebase:firebase-auth:23.0.0] AndroidManifest.xml:48:13-79
189            android:excludeFromRecents="true"
189-->[com.google.firebase:firebase-auth:23.0.0] AndroidManifest.xml:49:13-46
190            android:exported="true"
190-->[com.google.firebase:firebase-auth:23.0.0] AndroidManifest.xml:50:13-36
191            android:launchMode="singleTask"
191-->[com.google.firebase:firebase-auth:23.0.0] AndroidManifest.xml:51:13-44
192            android:theme="@android:style/Theme.Translucent.NoTitleBar" >
192-->[com.google.firebase:firebase-auth:23.0.0] AndroidManifest.xml:52:13-72
193            <intent-filter>
193-->[com.google.firebase:firebase-auth:23.0.0] AndroidManifest.xml:53:13-63:29
194                <action android:name="android.intent.action.VIEW" />
194-->[com.google.firebase:firebase-auth:23.0.0] AndroidManifest.xml:36:17-69
194-->[com.google.firebase:firebase-auth:23.0.0] AndroidManifest.xml:36:25-66
195
196                <category android:name="android.intent.category.DEFAULT" />
196-->[com.google.firebase:firebase-auth:23.0.0] AndroidManifest.xml:38:17-76
196-->[com.google.firebase:firebase-auth:23.0.0] AndroidManifest.xml:38:27-73
197                <category android:name="android.intent.category.BROWSABLE" />
197-->[com.google.firebase:firebase-auth:23.0.0] AndroidManifest.xml:39:17-78
197-->[com.google.firebase:firebase-auth:23.0.0] AndroidManifest.xml:39:27-75
198
199                <data
199-->src\main\AndroidManifest.xml:42:13-50
200                    android:host="firebase.auth"
201                    android:path="/"
202                    android:scheme="recaptcha" />
203            </intent-filter>
204        </activity>
205
206        <receiver
206-->[com.google.firebase:firebase-messaging:24.0.0] AndroidManifest.xml:29:9-40:20
207            android:name="com.google.firebase.iid.FirebaseInstanceIdReceiver"
207-->[com.google.firebase:firebase-messaging:24.0.0] AndroidManifest.xml:30:13-78
208            android:exported="true"
208-->[com.google.firebase:firebase-messaging:24.0.0] AndroidManifest.xml:31:13-36
209            android:permission="com.google.android.c2dm.permission.SEND" >
209-->[com.google.firebase:firebase-messaging:24.0.0] AndroidManifest.xml:32:13-73
210            <intent-filter>
210-->[:firebase_messaging] AndroidManifest.xml:32:13-34:29
211                <action android:name="com.google.android.c2dm.intent.RECEIVE" />
211-->[:firebase_messaging] AndroidManifest.xml:33:17-81
211-->[:firebase_messaging] AndroidManifest.xml:33:25-78
212            </intent-filter>
213
214            <meta-data
214-->[com.google.firebase:firebase-messaging:24.0.0] AndroidManifest.xml:37:13-39:40
215                android:name="com.google.android.gms.cloudmessaging.FINISHED_AFTER_HANDLED"
215-->[com.google.firebase:firebase-messaging:24.0.0] AndroidManifest.xml:38:17-92
216                android:value="true" />
216-->[com.google.firebase:firebase-messaging:24.0.0] AndroidManifest.xml:39:17-37
217        </receiver>
218        <!--
219             FirebaseMessagingService performs security checks at runtime,
220             but set to not exported to explicitly avoid allowing another app to call it.
221        -->
222        <service
222-->[com.google.firebase:firebase-messaging:24.0.0] AndroidManifest.xml:46:9-53:19
223            android:name="com.google.firebase.messaging.FirebaseMessagingService"
223-->[com.google.firebase:firebase-messaging:24.0.0] AndroidManifest.xml:47:13-82
224            android:directBootAware="true"
224-->[com.google.firebase:firebase-messaging:24.0.0] AndroidManifest.xml:48:13-43
225            android:exported="false" >
225-->[com.google.firebase:firebase-messaging:24.0.0] AndroidManifest.xml:49:13-37
226            <intent-filter android:priority="-500" >
226-->[:firebase_messaging] AndroidManifest.xml:23:13-25:29
227                <action android:name="com.google.firebase.MESSAGING_EVENT" />
227-->[:firebase_messaging] AndroidManifest.xml:24:17-78
227-->[:firebase_messaging] AndroidManifest.xml:24:25-75
228            </intent-filter>
229        </service>
230        <service
230-->[androidx.credentials:credentials-play-services-auth:1.2.0-rc01] AndroidManifest.xml:24:9-32:19
231            android:name="androidx.credentials.playservices.CredentialProviderMetadataHolder"
231-->[androidx.credentials:credentials-play-services-auth:1.2.0-rc01] AndroidManifest.xml:25:13-94
232            android:enabled="true"
232-->[androidx.credentials:credentials-play-services-auth:1.2.0-rc01] AndroidManifest.xml:26:13-35
233            android:exported="false" >
233-->[androidx.credentials:credentials-play-services-auth:1.2.0-rc01] AndroidManifest.xml:27:13-37
234            <meta-data
234-->[androidx.credentials:credentials-play-services-auth:1.2.0-rc01] AndroidManifest.xml:29:13-31:104
235                android:name="androidx.credentials.CREDENTIAL_PROVIDER_KEY"
235-->[androidx.credentials:credentials-play-services-auth:1.2.0-rc01] AndroidManifest.xml:30:17-76
236                android:value="androidx.credentials.playservices.CredentialProviderPlayServicesImpl" />
236-->[androidx.credentials:credentials-play-services-auth:1.2.0-rc01] AndroidManifest.xml:31:17-101
237        </service>
238
239        <activity
239-->[androidx.credentials:credentials-play-services-auth:1.2.0-rc01] AndroidManifest.xml:34:9-41:20
240            android:name="androidx.credentials.playservices.HiddenActivity"
240-->[androidx.credentials:credentials-play-services-auth:1.2.0-rc01] AndroidManifest.xml:35:13-76
241            android:configChanges="orientation|screenSize|screenLayout|keyboardHidden"
241-->[androidx.credentials:credentials-play-services-auth:1.2.0-rc01] AndroidManifest.xml:36:13-87
242            android:enabled="true"
242-->[androidx.credentials:credentials-play-services-auth:1.2.0-rc01] AndroidManifest.xml:37:13-35
243            android:exported="false"
243-->[androidx.credentials:credentials-play-services-auth:1.2.0-rc01] AndroidManifest.xml:38:13-37
244            android:fitsSystemWindows="true"
244-->[androidx.credentials:credentials-play-services-auth:1.2.0-rc01] AndroidManifest.xml:39:13-45
245            android:theme="@style/Theme.Hidden" >
245-->[androidx.credentials:credentials-play-services-auth:1.2.0-rc01] AndroidManifest.xml:40:13-48
246        </activity>
247
248        <provider
248-->[com.google.firebase:firebase-common:21.0.0] AndroidManifest.xml:23:9-28:39
249            android:name="com.google.firebase.provider.FirebaseInitProvider"
249-->[com.google.firebase:firebase-common:21.0.0] AndroidManifest.xml:24:13-77
250            android:authorities="com.example.app_login.firebaseinitprovider"
250-->[com.google.firebase:firebase-common:21.0.0] AndroidManifest.xml:25:13-72
251            android:directBootAware="true"
251-->[com.google.firebase:firebase-common:21.0.0] AndroidManifest.xml:26:13-43
252            android:exported="false"
252-->[com.google.firebase:firebase-common:21.0.0] AndroidManifest.xml:27:13-37
253            android:initOrder="100" />
253-->[com.google.firebase:firebase-common:21.0.0] AndroidManifest.xml:28:13-36
254
255        <uses-library
255-->[androidx.window:window:1.0.0-beta04] AndroidManifest.xml:25:9-27:40
256            android:name="androidx.window.extensions"
256-->[androidx.window:window:1.0.0-beta04] AndroidManifest.xml:26:13-54
257            android:required="false" />
257-->[androidx.window:window:1.0.0-beta04] AndroidManifest.xml:27:13-37
258        <uses-library
258-->[androidx.window:window:1.0.0-beta04] AndroidManifest.xml:28:9-30:40
259            android:name="androidx.window.sidecar"
259-->[androidx.window:window:1.0.0-beta04] AndroidManifest.xml:29:13-51
260            android:required="false" />
260-->[androidx.window:window:1.0.0-beta04] AndroidManifest.xml:30:13-37
261
262        <receiver
262-->[com.google.android.gms:play-services-measurement:22.0.1] AndroidManifest.xml:29:9-33:20
263            android:name="com.google.android.gms.measurement.AppMeasurementReceiver"
263-->[com.google.android.gms:play-services-measurement:22.0.1] AndroidManifest.xml:30:13-85
264            android:enabled="true"
264-->[com.google.android.gms:play-services-measurement:22.0.1] AndroidManifest.xml:31:13-35
265            android:exported="false" >
265-->[com.google.android.gms:play-services-measurement:22.0.1] AndroidManifest.xml:32:13-37
266        </receiver>
267
268        <service
268-->[com.google.android.gms:play-services-measurement:22.0.1] AndroidManifest.xml:35:9-38:40
269            android:name="com.google.android.gms.measurement.AppMeasurementService"
269-->[com.google.android.gms:play-services-measurement:22.0.1] AndroidManifest.xml:36:13-84
270            android:enabled="true"
270-->[com.google.android.gms:play-services-measurement:22.0.1] AndroidManifest.xml:37:13-35
271            android:exported="false" />
271-->[com.google.android.gms:play-services-measurement:22.0.1] AndroidManifest.xml:38:13-37
272        <service
272-->[com.google.android.gms:play-services-measurement:22.0.1] AndroidManifest.xml:39:9-43:72
273            android:name="com.google.android.gms.measurement.AppMeasurementJobService"
273-->[com.google.android.gms:play-services-measurement:22.0.1] AndroidManifest.xml:40:13-87
274            android:enabled="true"
274-->[com.google.android.gms:play-services-measurement:22.0.1] AndroidManifest.xml:41:13-35
275            android:exported="false"
275-->[com.google.android.gms:play-services-measurement:22.0.1] AndroidManifest.xml:42:13-37
276            android:permission="android.permission.BIND_JOB_SERVICE" />
276-->[com.google.android.gms:play-services-measurement:22.0.1] AndroidManifest.xml:43:13-69
277
278        <uses-library
278-->[androidx.privacysandbox.ads:ads-adservices:1.0.0-beta05] AndroidManifest.xml:23:9-25:40
279            android:name="android.ext.adservices"
279-->[androidx.privacysandbox.ads:ads-adservices:1.0.0-beta05] AndroidManifest.xml:24:13-50
280            android:required="false" />
280-->[androidx.privacysandbox.ads:ads-adservices:1.0.0-beta05] AndroidManifest.xml:25:13-37
281
282        <service
282-->[com.google.android.datatransport:transport-backend-cct:3.1.9] AndroidManifest.xml:28:9-34:19
283            android:name="com.google.android.datatransport.runtime.backends.TransportBackendDiscovery"
283-->[com.google.android.datatransport:transport-backend-cct:3.1.9] AndroidManifest.xml:29:13-103
284            android:exported="false" >
284-->[com.google.android.datatransport:transport-backend-cct:3.1.9] AndroidManifest.xml:30:13-37
285            <meta-data
285-->[com.google.android.datatransport:transport-backend-cct:3.1.9] AndroidManifest.xml:31:13-33:39
286                android:name="backend:com.google.android.datatransport.cct.CctBackendFactory"
286-->[com.google.android.datatransport:transport-backend-cct:3.1.9] AndroidManifest.xml:32:17-94
287                android:value="cct" />